<?xml version="1.0" encoding="UTF-8"?>
<!-- Generated by org.testng.reporters.JUnitReportReporter -->
<testsuite hostname="DESKTOP-6SF3N3S" failures="0" tests="1" name="testscripts.TestReveiwLeavesFunctionality" time="5.513" errors="0" timestamp="2022-12-31T11:32:45 IST" skipped="0">
  <testcase classname="testscripts.TestReveiwLeavesFunctionality" name="viewLeavesReport" time="5.513"/>
  <system-out/>
</testsuite> <!-- testscripts.TestReveiwLeavesFunctionality -->
