<?xml version="1.0" encoding="UTF-8"?>
<!-- Generated by org.testng.reporters.JUnitReportReporter -->
<testsuite hostname="DESKTOP-6SF3N3S" failures="0" tests="3" name="testscripts.TestUserProfileFunctionality" time="8.099" errors="0" timestamp="2023-01-05T16:24:02 IST" skipped="0">
  <testcase classname="testscripts.TestUserProfileFunctionality" name="viewUserProfile" time="1.364"/>
  <system-out/>
  <testcase classname="testscripts.TestUserProfileFunctionality" name="verifyUserDetailsDisplay" time="4.025"/>
  <system-out/>
  <testcase classname="testscripts.TestUserProfileFunctionality" name="viewPermissionInfo" time="2.710"/>
  <system-out/>
</testsuite> <!-- testscripts.TestUserProfileFunctionality -->
