<?xml version="1.0" encoding="UTF-8"?>
<!-- Generated by org.testng.reporters.JUnitReportReporter -->
<testsuite hostname="DESKTOP-6SF3N3S" failures="0" tests="1" name="testscripts.TestReviewLeavesFunctionality" time="6.771" errors="0" timestamp="2023-01-05T16:24:02 IST" skipped="0">
  <testcase classname="testscripts.TestReviewLeavesFunctionality" name="viewLeavesReport" time="6.771"/>
  <system-out/>
</testsuite> <!-- testscripts.TestReviewLeavesFunctionality -->
